/Volumes/Expansion/CMO-10million/MarketingToolData/source-notes/test-product-update.meta.json
/Volumes/Expansion/CMO-10million/MarketingToolData/source-links/test-ai-news.meta.json
/Volumes/Expansion/CMO-10million/MarketingToolData/source-notes/audit-test-note.meta.json
/Volumes/Expansion/CMO-10million/MarketingToolData/source-notes/audit-fresh-test-1774251726.meta.json
/Volumes/Expansion/CMO-10million/MarketingToolData/source-notes/retest-product-1774256096.meta.json
/Volumes/Expansion/CMO-10million/MarketingToolData/source-notes/e2e-test-1774259996.meta.json
/Volumes/Expansion/CMO-10million/MarketingToolData/source-links/audit-test-news.meta.json
/Volumes/Expansion/CMO-10million/MarketingToolData/source-links/retest-news-1774256096.meta.json
/Volumes/Expansion/CMO-10million/MarketingToolData/product-updates/test-product-update-formatted.meta.json
/Volumes/Expansion/CMO-10million/MarketingToolData/product-updates/audit-fresh-test-1774251726-formatted.meta.json
/Volumes/Expansion/CMO-10million/MarketingToolData/product-updates/retest-product-1774256096-formatted.meta.json
/Volumes/Expansion/CMO-10million/MarketingToolData/source-notes/phase0-proof-feature-launch.meta.json
/Volumes/Expansion/CMO-10million/MarketingToolData/source-notes/phase0-proof-build-log.meta.json
/Volumes/Expansion/CMO-10million/MarketingToolData/source-links/phase0-proof-ai-news.meta.json
/Volumes/Expansion/CMO-10million/MarketingToolData/product-updates/e2e-test-1774259996-formatted.meta.json
/Volumes/Expansion/CMO-10million/MarketingToolData/source-notes/phase0-e2e-product-v2.meta.json
/Volumes/Expansion/CMO-10million/MarketingToolData/source-links/phase0-e2e-industry-trend.meta.json
/Volumes/Expansion/CMO-10million/MarketingToolData/source-notes/inbharat-bot-update-2026-03-25.meta.json
/Volumes/Expansion/CMO-10million/MarketingToolData/source-notes/inbharat-bot-update-2026-03-26.meta.json
/Volumes/Expansion/CMO-10million/MarketingToolData/source-notes/inbharat-bot-update-2026-03-27.meta.json
/Volumes/Expansion/CMO-10million/MarketingToolData/product-updates/phase0-e2e-product-v2-formatted.meta.json
/Volumes/Expansion/CMO-10million/MarketingToolData/product-updates/phase0-proof-build-log-formatted.meta.json
/Volumes/Expansion/CMO-10million/MarketingToolData/product-updates/phase0-proof-feature-launch-formatted.meta.json
