[2026-03-23 10:46:24] === DAILY PIPELINE STARTED — 2026-03-23 ===
[2026-03-23 10:46:24] [DRY RUN MODE]
[2026-03-23 10:46:24] --- Stage 1: intake ---
[2026-03-23 10:46:24] Stage 1 (intake): COMPLETE in 0s
[2026-03-23 10:46:24] --- Stage 2: produce ---
[2026-03-23 10:46:24] Stage 2 (produce): COMPLETE in 1s
[2026-03-23 10:46:24] --- Stage 3: approve ---
[2026-03-23 10:46:24] Stage 3 (approve): COMPLETE in 1s
[2026-03-23 10:46:24] --- Stage 4: distribute ---
[2026-03-23 11:08:26] === DAILY PIPELINE STARTED — 2026-03-23 ===
[2026-03-23 11:08:26] --- Stage 1: intake ---
[2026-03-23 11:08:26] Stage 1 (intake): COMPLETE in 128s
[2026-03-23 11:08:26] --- Stage 2a: newsroom ---
[2026-03-23 11:08:26] Stage 2a (newsroom): COMPLETE in 222s
[2026-03-23 11:08:26] --- Stage 2b: product-updates ---
[2026-03-23 11:08:26] Stage 2b (product-updates): COMPLETE in 255s
[2026-03-23 11:08:26] --- Stage 2c: produce ---
[2026-03-23 11:08:26] Stage 2c (produce): COMPLETE in 339s
[2026-03-23 11:08:26] --- Stage 3: approve ---
[2026-03-23 11:08:26] Stage 3 (approve): COMPLETE in 86s
[2026-03-23 11:08:26] --- Stage 4: distribute ---
[2026-03-23 11:08:26] Stage 4 (distribute): COMPLETE in 1s
[2026-03-23 11:08:26] --- Stage 5: report ---
[2026-03-23 11:08:26] Stage 5 (report): COMPLETE in 1s
[2026-03-23 11:08:26] === DAILY PIPELINE COMPLETE — pending=0 approved=0 review=4 blocked=14 ===
[2026-03-23 13:09:16] === DAILY PIPELINE STARTED — 2026-03-23 ===
[2026-03-23 13:09:16] [DRY RUN MODE]
[2026-03-23 13:09:16] --- Stage 1: intake ---
[2026-03-23 13:09:16] Stage 1 (intake): COMPLETE in 0s
[2026-03-23 13:09:16] --- Stage 2a: newsroom ---
[2026-03-23 13:09:16] Stage 2a (newsroom): COMPLETE in 0s
[2026-03-23 13:09:16] --- Stage 2b: product-updates ---
[2026-03-23 13:09:16] Stage 2b (product-updates): COMPLETE in 0s
[2026-03-23 13:09:16] --- Stage 2c: produce ---
[2026-03-23 13:09:16] Stage 2c (produce): COMPLETE in 1s
[2026-03-23 13:09:16] --- Stage 3: approve ---
[2026-03-23 13:09:16] Stage 3 (approve): COMPLETE in 0s
[2026-03-23 13:09:16] --- Stage 4: distribute ---
[2026-03-23 13:09:16] Stage 4 (distribute): COMPLETE in 1s
[2026-03-23 13:09:16] --- Stage 5: report ---
[2026-03-23 13:09:16] Stage 5 (report): COMPLETE in 0s
[2026-03-23 13:09:16] === DAILY PIPELINE COMPLETE — pending=0 approved=0 review=4 blocked=16 ===
[2026-03-23 13:09:30] === DAILY PIPELINE STARTED — 2026-03-23 ===
[2026-03-23 13:09:30] --- Stage 1: intake ---
[2026-03-23 13:09:30] Stage 1 (intake): COMPLETE in 57s
[2026-03-23 13:09:30] === DAILY PIPELINE COMPLETE — pending=0 approved=0 review=4 blocked=16 ===
[2026-03-23 13:10:50] === DAILY PIPELINE STARTED — 2026-03-23 ===
[2026-03-23 13:10:50] --- Stage 2a: newsroom ---
[2026-03-23 13:10:50] Stage 2a (newsroom): COMPLETE in 0s
[2026-03-23 13:10:50] === DAILY PIPELINE COMPLETE — pending=0 approved=0 review=4 blocked=16 ===
[2026-03-23 13:10:50] === DAILY PIPELINE STARTED — 2026-03-23 ===
[2026-03-23 13:10:50] --- Stage 2b: product-updates ---
[2026-03-23 13:10:50] Stage 2b (product-updates): COMPLETE in 1s
[2026-03-23 13:10:50] === DAILY PIPELINE COMPLETE — pending=0 approved=0 review=4 blocked=16 ===
[2026-03-23 14:18:33] === DAILY PIPELINE STARTED — 2026-03-23 ===
[2026-03-23 14:18:33] [DRY RUN MODE]
[2026-03-23 14:18:33] --- Stage 4: distribute ---
[2026-03-23 14:18:33] Stage 4 (distribute): COMPLETE in 1s
[2026-03-23 14:18:33] === DAILY PIPELINE COMPLETE — pending=0 approved=4 review=4 blocked=18 ===
[2026-03-23 15:29:56] === DAILY PIPELINE STARTED — 2026-03-23 ===
[2026-03-23 15:29:56] --- Stage 1: intake ---
[2026-03-23 15:29:56] Stage 1 (intake): COMPLETE in 52s
[2026-03-23 15:29:56] --- Stage 2a: newsroom ---
[2026-03-23 15:29:56] Stage 2a (newsroom): COMPLETE in 0s
[2026-03-23 15:29:56] --- Stage 2b: product-updates ---
[2026-03-23 15:29:56] Stage 2b (product-updates): COMPLETE in 287s
[2026-03-23 15:29:56] --- Stage 2c: produce ---
[2026-03-23 15:29:56] Stage 2c (produce): COMPLETE in 1394s
[2026-03-23 15:29:56] --- Stage 3: approve ---
[2026-03-23 15:29:56] Stage 3 (approve): COMPLETE in 132s
[2026-03-23 15:29:56] --- Stage 4: distribute ---
[2026-03-23 15:29:56] Stage 4 (distribute): COMPLETE in 1s
[2026-03-23 15:29:56] --- Stage 5: report ---
[2026-03-23 15:29:56] Stage 5 (report): COMPLETE in 0s
[2026-03-23 15:29:56] === DAILY PIPELINE COMPLETE — pending=0 approved=0 review=4 blocked=58 ===
[2026-03-25 18:22:38] === DAILY PIPELINE STARTED — 2026-03-25 ===
[2026-03-25 18:22:38] --- Stage 1: intake ---
[2026-03-25 18:22:38] Stage 1 (intake): COMPLETE in 51s
[2026-03-25 18:22:38] --- Stage 2a: newsroom ---
[2026-03-25 18:22:38] Stage 2a (newsroom): COMPLETE in 872s
[2026-03-25 18:22:38] --- Stage 2b: product-updates ---
[2026-03-25 18:22:38] Stage 2b (product-updates): COMPLETE in 972s
[2026-03-25 18:22:38] --- Stage 2c: produce ---
[2026-03-25 18:22:38] Stage 2c (produce): COMPLETE in 363s
[2026-03-25 18:22:38] --- Stage 3: approve ---
[2026-03-25 18:22:38] Stage 3 (approve): COMPLETE in 168s
[2026-03-25 18:22:38] --- Stage 4: distribute ---
[2026-03-25 18:22:38] Stage 4 (distribute): COMPLETE in 1s
[2026-03-25 18:22:38] --- Stage 5: report ---
[2026-03-25 18:22:38] Stage 5 (report): COMPLETE in 0s
[2026-03-25 18:22:38] === DAILY PIPELINE COMPLETE — pending=0 approved=0 review=8 blocked=80 ===
[2026-03-31 20:11:39] === DAILY PIPELINE STARTED — 2026-03-31 ===
[2026-03-31 20:11:39] [DRY RUN MODE]
[2026-03-31 20:11:39] --- Stage 1: intake ---
[2026-03-31 20:11:39] Stage 1 (intake): COMPLETE in 1s
[2026-03-31 20:11:39] --- Stage 2a: newsroom ---
[2026-03-31 20:11:39] Stage 2a (newsroom): COMPLETE in 1s
[2026-03-31 20:11:39] --- Stage 2b: product-updates ---
[2026-03-31 20:11:39] Stage 2b (product-updates): COMPLETE in 0s
[2026-03-31 20:11:39] --- Stage 2c: produce ---
[2026-03-31 20:11:39] Stage 2c (produce): COMPLETE in 4s
[2026-03-31 20:11:39] --- Stage 3: approve ---
[2026-03-31 20:11:39] Stage 3 (approve): COMPLETE in 126s
[2026-03-31 20:11:39] --- Stage 4: distribute ---
[2026-03-31 20:11:39] Stage 4 (distribute): COMPLETE in 0s
[2026-03-31 20:11:39] --- Stage 5: report ---
[2026-03-31 20:11:39] Stage 5 (report): COMPLETE in 1s
[2026-03-31 20:11:39] === DAILY PIPELINE COMPLETE — pending=10 approved=0 review=4 blocked=8 ===
