/Volumes/Expansion/CMO-10million/MarketingToolData/source-notes/test-product-update.md
/Volumes/Expansion/CMO-10million/MarketingToolData/source-links/test-ai-news.md
/Volumes/Expansion/CMO-10million/MarketingToolData/source-notes/audit-test-note.md
/Volumes/Expansion/CMO-10million/MarketingToolData/source-links/audit-test-news.md
/Volumes/Expansion/CMO-10million/MarketingToolData/product-updates/test-product-update-formatted.md
/Volumes/Expansion/CMO-10million/MarketingToolData/source-notes/audit-fresh-test-1774251726.md
/Volumes/Expansion/CMO-10million/MarketingToolData/source-notes/retest-product-1774256096.md
/Volumes/Expansion/CMO-10million/MarketingToolData/source-links/retest-news-1774256096.md
/Volumes/Expansion/CMO-10million/MarketingToolData/product-updates/audit-fresh-test-1774251726-formatted.md
/Volumes/Expansion/CMO-10million/MarketingToolData/source-notes/e2e-test-1774259996.md
/Volumes/Expansion/CMO-10million/MarketingToolData/product-updates/retest-product-1774256096-formatted.md
/Volumes/Expansion/CMO-10million/MarketingToolData/source-notes/phase0-proof-feature-launch.md
/Volumes/Expansion/CMO-10million/MarketingToolData/source-notes/phase0-proof-build-log.md
/Volumes/Expansion/CMO-10million/MarketingToolData/source-links/phase0-proof-ai-news.md
/Volumes/Expansion/CMO-10million/MarketingToolData/product-updates/e2e-test-1774259996-formatted.md
/Volumes/Expansion/CMO-10million/MarketingToolData/source-notes/phase0-e2e-product-v2.md
/Volumes/Expansion/CMO-10million/MarketingToolData/source-links/phase0-e2e-industry-trend.md
/Volumes/Expansion/CMO-10million/MarketingToolData/source-notes/inbharat-bot-update-2026-03-25.md
/Volumes/Expansion/CMO-10million/MarketingToolData/source-notes/inbharat-bot-update-2026-03-26.md
/Volumes/Expansion/CMO-10million/MarketingToolData/source-notes/inbharat-bot-update-2026-03-27.md
/Volumes/Expansion/CMO-10million/MarketingToolData/product-updates/phase0-e2e-product-v2-formatted.md
/Volumes/Expansion/CMO-10million/MarketingToolData/product-updates/phase0-proof-build-log-formatted.md
/Volumes/Expansion/CMO-10million/MarketingToolData/product-updates/phase0-proof-feature-launch-formatted.md
/Volumes/Expansion/CMO-10million/MarketingToolData/product-updates/inbharat-bot-update-2026-03-25-formatted.md
/Volumes/Expansion/CMO-10million/MarketingToolData/product-updates/inbharat-bot-update-2026-03-26-formatted.md
