[2026-03-23 15:29:25] === MONTHLY PIPELINE STARTED ===
[2026-03-23 15:29:25] --- Content Pillar Review ---
[2026-03-23 15:29:25] [DRY RUN] Content Pillar Review
[2026-03-23 15:29:25] Content Pillar Review: complete (0s)
[2026-03-23 15:29:25] --- SEO Topic Opportunity Update ---
[2026-03-23 15:29:25] [DRY RUN] SEO Topic Opportunity Update
[2026-03-23 15:29:25] SEO Topic Opportunity Update: complete (0s)
[2026-03-23 15:29:25] --- Monthly Campaign Theme ---
[2026-03-23 15:29:25] [DRY RUN] Monthly Campaign Theme
[2026-03-23 15:29:25] Monthly Campaign Theme: complete (0s)
[2026-03-23 15:29:25] --- Offer Positioning Review ---
[2026-03-23 15:29:25] [DRY RUN] Offer Positioning Review
[2026-03-23 15:29:25] Offer Positioning Review: complete (0s)
[2026-03-23 15:29:25] --- Archive Cleanup ---
[2026-03-23 15:29:25] [DRY RUN] Archive Cleanup
[2026-03-23 15:29:25] Archive Cleanup: complete (0s)
[2026-03-23 15:29:25] --- Monthly Performance Summary ---
[2026-03-23 15:29:25] [DRY RUN] Monthly Performance Summary
[2026-03-23 15:29:25] Monthly Performance Summary: complete (0s)
[2026-03-23 15:29:25] --- Next Month Planning ---
[2026-03-23 15:29:25] [DRY RUN] Next Month Planning
[2026-03-23 15:29:25] Next Month Planning: complete (0s)
[2026-03-23 15:29:25] --- Generate Monthly Report ---
[2026-03-23 15:29:25] [DRY RUN] Generate Monthly Report
[2026-03-23 15:29:25] Generate Monthly Report: complete (0s)
[2026-03-23 15:29:25] === MONTHLY PIPELINE COMPLETE ===
