[2026-03-23 14:16:38] PUBLISHING to linkedin via SocialFlow...
[2026-03-23 14:16:38] [DRY RUN]
[2026-03-23 14:16:38] FAILED [linkedin]:  (HTTP 200)
[2026-03-23 14:17:17] PUBLISHING to linkedin via SocialFlow...
[2026-03-23 14:17:17] [DRY RUN]
[2026-03-23 14:17:17] FAILED [linkedin]: Error: post() got an unexpected keyword argument 'title' (HTTP 200)
[2026-03-23 14:17:49] PUBLISHING to linkedin via SocialFlow...
[2026-03-23 14:17:49] [DRY RUN]
[2026-03-23 14:17:49] FAILED [linkedin]: Not logged in (HTTP 200)
[2026-03-23 14:18:24] PUBLISHING to linkedin via SocialFlow...
[2026-03-23 14:18:24] [DRY RUN]
[2026-03-23 14:18:24] SUCCESS [linkedin]: Validated for linkedin. Would publish in live mode. (HTTP 200)
[2026-03-23 14:18:33] PUBLISHING to linkedin via SocialFlow...
[2026-03-23 14:18:33] [DRY RUN]
[2026-03-23 14:18:33] SUCCESS [linkedin]: Validated for linkedin. Would publish in live mode. (HTTP 200)
[2026-03-23 14:18:33] PUBLISHING to x via SocialFlow...
[2026-03-23 14:18:33] [DRY RUN]
[2026-03-23 14:18:33] SUCCESS [x]: Validated for x. Would publish in live mode. (HTTP 200)
[2026-03-23 14:18:33] PUBLISHING to facebook via SocialFlow...
[2026-03-23 14:18:33] [DRY RUN]
[2026-03-23 14:18:33] SUCCESS [facebook]: Validated for facebook. Would publish in live mode. (HTTP 200)
[2026-03-23 14:18:33] PUBLISHING to instagram via SocialFlow...
[2026-03-23 14:18:33] [DRY RUN]
[2026-03-23 14:18:33] SUCCESS [instagram]: Validated for instagram. Would publish in live mode. (HTTP 200)
